# JRE version: Java(TM) SE Runtime Environment (8.0_71-b15) (build 1.8.0_71-b15)
# Java VM: Java HotSpot(TM) 64-Bit Server VM (25.71-b15 mixed mode windows-amd64 compressed oops)
Heap:
 PSYoungGen      total 262656K, used 19109K [0x00000000d6400000, 0x00000000ea600000, 0x0000000100000000)
  eden space 252416K, 7% used [0x00000000d6400000,0x00000000d76a9648,0x00000000e5a80000)
  from space 10240K, 0% used [0x00000000e6c00000,0x00000000e6c00000,0x00000000e7600000)
  to   space 17920K, 0% used [0x00000000e5a80000,0x00000000e5a80000,0x00000000e6c00000)
 ParOldGen       total 93184K, used 22227K [0x0000000082c00000, 0x0000000088700000, 0x00000000d6400000)
  object space 93184K, 23% used [0x0000000082c00000,0x00000000841b4fd8,0x0000000088700000)
 Metaspace       used 35281K, capacity 35720K, committed 36136K, reserved 1081344K
  class space    used 4418K, capacity 4556K, committed 4648K, reserved 1048576K
GC Heap History (10 events):
Event: 2.887 GC heap before
{Heap before GC invocations=8 (full 1):
 PSYoungGen      total 137728K, used 7678K [0x00000000d6400000, 0x00000000e7600000, 0x0000000100000000)
  eden space 130048K, 0% used [0x00000000d6400000,0x00000000d6400000,0x00000000de300000)
  from space 7680K, 99% used [0x00000000de300000,0x00000000dea7fbf8,0x00000000dea80000)
  to   space 10240K, 0% used [0x00000000e6c00000,0x00000000e6c00000,0x00000000e7600000)
 ParOldGen       total 86016K, used 4946K [0x0000000082c00000, 0x0000000088000000, 0x00000000d6400000)
  object space 86016K, 5% used [0x0000000082c00000,0x00000000830d4aa8,0x0000000088000000)
 Metaspace       used 20951K, capacity 21160K, committed 21296K, reserved 1069056K
  class space    used 2614K, capacity 2648K, committed 2688K, reserved 1048576K
Event: 2.922 GC heap after
Heap after GC invocations=8 (full 1):
 PSYoungGen      total 137728K, used 0K [0x00000000d6400000, 0x00000000e7600000, 0x0000000100000000)
  eden space 130048K, 0% used [0x00000000d6400000,0x00000000d6400000,0x00000000de300000)
  from space 7680K, 0% used [0x00000000de300000,0x00000000de300000,0x00000000dea80000)
  to   space 10240K, 0% used [0x00000000e6c00000,0x00000000e6c00000,0x00000000e7600000)
 ParOldGen       total 57344K, used 10344K [0x0000000082c00000, 0x0000000086400000, 0x00000000d6400000)
  object space 57344K, 18% used [0x0000000082c00000,0x000000008361a008,0x0000000086400000)
 Metaspace       used 20951K, capacity 21160K, committed 21296K, reserved 1069056K
  class space    used 2614K, capacity 2648K, committed 2688K, reserved 1048576K
}
Event: 3.826 GC heap before
{Heap before GC invocations=9 (full 1):
 PSYoungGen      total 137728K, used 130048K [0x00000000d6400000, 0x00000000e7600000, 0x0000000100000000)
  eden space 130048K, 100% used [0x00000000d6400000,0x00000000de300000,0x00000000de300000)
  from space 7680K, 0% used [0x00000000de300000,0x00000000de300000,0x00000000dea80000)
  to   space 10240K, 0% used [0x00000000e6c00000,0x00000000e6c00000,0x00000000e7600000)
 ParOldGen       total 57344K, used 10344K [0x0000000082c00000, 0x0000000086400000, 0x00000000d6400000)
  object space 57344K, 18% used [0x0000000082c00000,0x000000008361a008,0x0000000086400000)
 Metaspace       used 26985K, capacity 27226K, committed 27520K, reserved 1073152K
  class space    used 3367K, capacity 3410K, committed 3456K, reserved 1048576K
Event: 3.839 GC heap after
Heap after GC invocations=9 (full 1):
 PSYoungGen      total 221184K, used 10232K [0x00000000d6400000, 0x00000000e7600000, 0x0000000100000000)
  eden space 210944K, 0% used [0x00000000d6400000,0x00000000d6400000,0x00000000e3200000)
  from space 10240K, 99% used [0x00000000e6c00000,0x00000000e75fe060,0x00000000e7600000)
  to   space 11776K, 0% used [0x00000000e5f00000,0x00000000e5f00000,0x00000000e6a80000)
 ParOldGen       total 57344K, used 10924K [0x0000000082c00000, 0x0000000086400000, 0x00000000d6400000)
  object space 57344K, 19% used [0x0000000082c00000,0x00000000836ab198,0x0000000086400000)
 Metaspace       used 26985K, capacity 27226K, committed 27520K, reserved 1073152K
  class space    used 3367K, capacity 3410K, committed 3456K, reserved 1048576K
}
Event: 4.977 GC heap before
{Heap before GC invocations=10 (full 1):
 PSYoungGen      total 221184K, used 221176K [0x00000000d6400000, 0x00000000e7600000, 0x0000000100000000)
  eden space 210944K, 100% used [0x00000000d6400000,0x00000000e3200000,0x00000000e3200000)
  from space 10240K, 99% used [0x00000000e6c00000,0x00000000e75fe060,0x00000000e7600000)
  to   space 11776K, 0% used [0x00000000e5f00000,0x00000000e5f00000,0x00000000e6a80000)
 ParOldGen       total 57344K, used 10924K [0x0000000082c00000, 0x0000000086400000, 0x00000000d6400000)
  object space 57344K, 19% used [0x0000000082c00000,0x00000000836ab198,0x0000000086400000)
 Metaspace       used 33427K, capacity 33810K, committed 34048K, reserved 1079296K
  class space    used 4166K, capacity 4283K, committed 4352K, reserved 1048576K
Event: 5.019 GC heap after
Heap after GC invocations=10 (full 1):
 PSYoungGen      total 222720K, used 11775K [0x00000000d6400000, 0x00000000e7600000, 0x0000000100000000)
  eden space 210944K, 0% used [0x00000000d6400000,0x00000000d6400000,0x00000000e3200000)
  from space 11776K, 99% used [0x00000000e5f00000,0x00000000e6a7ffa8,0x00000000e6a80000)
  to   space 10240K, 0% used [0x00000000e6c00000,0x00000000e6c00000,0x00000000e7600000)
 ParOldGen       total 57344K, used 17200K [0x0000000082c00000, 0x0000000086400000, 0x00000000d6400000)
  object space 57344K, 29% used [0x0000000082c00000,0x0000000083ccc088,0x0000000086400000)
 Metaspace       used 33427K, capacity 33810K, committed 34048K, reserved 1079296K
  class space    used 4166K, capacity 4283K, committed 4352K, reserved 1048576K
}
Event: 5.424 GC heap before
{Heap before GC invocations=11 (full 1):
 PSYoungGen      total 222720K, used 96592K [0x00000000d6400000, 0x00000000e7600000, 0x0000000100000000)
  eden space 210944K, 40% used [0x00000000d6400000,0x00000000db6d40c0,0x00000000e3200000)
  from space 11776K, 99% used [0x00000000e5f00000,0x00000000e6a7ffa8,0x00000000e6a80000)
  to   space 10240K, 0% used [0x00000000e6c00000,0x00000000e6c00000,0x00000000e7600000)
 ParOldGen       total 57344K, used 17200K [0x0000000082c00000, 0x0000000086400000, 0x00000000d6400000)
  object space 57344K, 29% used [0x0000000082c00000,0x0000000083ccc088,0x0000000086400000)
 Metaspace       used 34951K, capacity 35342K, committed 35496K, reserved 1081344K
  class space    used 4364K, capacity 4493K, committed 4520K, reserved 1048576K
Event: 5.433 GC heap after
Heap after GC invocations=11 (full 1):
 PSYoungGen      total 262656K, used 10212K [0x00000000d6400000, 0x00000000ea600000, 0x0000000100000000)
  eden space 252416K, 0% used [0x00000000d6400000,0x00000000d6400000,0x00000000e5a80000)
  from space 10240K, 99% used [0x00000000e6c00000,0x00000000e75f9240,0x00000000e7600000)
  to   space 17920K, 0% used [0x00000000e5a80000,0x00000000e5a80000,0x00000000e6c00000)
 ParOldGen       total 57344K, used 23104K [0x0000000082c00000, 0x0000000086400000, 0x00000000d6400000)
  object space 57344K, 40% used [0x0000000082c00000,0x0000000084290060,0x0000000086400000)
 Metaspace       used 34951K, capacity 35342K, committed 35496K, reserved 1081344K
  class space    used 4364K, capacity 4493K, committed 4520K, reserved 1048576K
}
Event: 5.433 GC heap before
{Heap before GC invocations=12 (full 2):
 PSYoungGen      total 262656K, used 10212K [0x00000000d6400000, 0x00000000ea600000, 0x0000000100000000)
  eden space 252416K, 0% used [0x00000000d6400000,0x00000000d6400000,0x00000000e5a80000)
  from space 10240K, 99% used [0x00000000e6c00000,0x00000000e75f9240,0x00000000e7600000)
  to   space 17920K, 0% used [0x00000000e5a80000,0x00000000e5a80000,0x00000000e6c00000)
 ParOldGen       total 57344K, used 23104K [0x0000000082c00000, 0x0000000086400000, 0x00000000d6400000)
  object space 57344K, 40% used [0x0000000082c00000,0x0000000084290060,0x0000000086400000)
 Metaspace       used 34951K, capacity 35342K, committed 35496K, reserved 1081344K
  class space    used 4364K, capacity 4493K, committed 4520K, reserved 1048576K
Event: 5.500 GC heap after
Heap after GC invocations=12 (full 2):
 PSYoungGen      total 262656K, used 0K [0x00000000d6400000, 0x00000000ea600000, 0x0000000100000000)
  eden space 252416K, 0% used [0x00000000d6400000,0x00000000d6400000,0x00000000e5a80000)
  from space 10240K, 0% used [0x00000000e6c00000,0x00000000e6c00000,0x00000000e7600000)
  to   space 17920K, 0% used [0x00000000e5a80000,0x00000000e5a80000,0x00000000e6c00000)
 ParOldGen       total 93184K, used 22227K [0x0000000082c00000, 0x0000000088700000, 0x00000000d6400000)
  object space 93184K, 23% used [0x0000000082c00000,0x00000000841b4fd8,0x0000000088700000)
 Metaspace       used 34948K, capacity 35336K, committed 35496K, reserved 1081344K
  class space    used 4364K, capacity 4492K, committed 4520K, reserved 1048576K
}

